<?xml version="1.0" encoding="UTF-8"?>
<!-- Generated by org.testng.reporters.JUnitReportReporter -->
<testsuite hostname="DESKTOP-RNSA0UR" failures="0" tests="3" name="TestNG_basic.Ebay_testng" time="18.028" errors="0" timestamp="2025-08-13T12:24:51 IST" skipped="0">
  <testcase classname="TestNG_basic.Ebay_testng" name="search" time="6.479"/>
  <testcase classname="TestNG_basic.Ebay_testng" name="search3" time="3.998"/>
  <testcase classname="TestNG_basic.Ebay_testng" name="search1" time="7.551"/>
</testsuite> <!-- TestNG_basic.Ebay_testng -->
