<?xml version="1.0" encoding="UTF-8"?>
<!-- Generated by org.testng.reporters.JUnitReportReporter -->
<testsuite hostname="DESKTOP-RNSA0UR" failures="0" tests="1" name="TestNG_basic.NewTest123" time="5.854" errors="0" timestamp="2025-08-19T20:47:00 IST" skipped="0">
  <testcase classname="TestNG_basic.NewTest123" name="loginTest" time="5.854"/>
</testsuite> <!-- TestNG_basic.NewTest123 -->
