<?xml version="1.0" encoding="UTF-8"?>
<!-- Generated by org.testng.reporters.JUnitReportReporter -->
<testsuite hostname="DESKTOP-RNSA0UR" failures="0" tests="5" name="TestNG_basic.ExcelTest1" time="35.330" errors="0" timestamp="2025-08-16T16:55:56 IST" skipped="0">
  <testcase classname="TestNG_basic.ExcelTest1" name="testLogin" time="6.454"/>
  <testcase classname="TestNG_basic.ExcelTest1" name="testLogin" time="6.351"/>
  <testcase classname="TestNG_basic.ExcelTest1" name="testLogin" time="7.740"/>
  <testcase classname="TestNG_basic.ExcelTest1" name="testLogin" time="8.310"/>
  <testcase classname="TestNG_basic.ExcelTest1" name="testLogin" time="6.475"/>
</testsuite> <!-- TestNG_basic.ExcelTest1 -->
