<?xml version="1.0" encoding="UTF-8"?>
<!-- Generated by org.testng.reporters.JUnitReportReporter -->
<testsuite hostname="DESKTOP-RNSA0UR" failures="0" tests="2" name="TestNG_basic.Test1" time="0.017" errors="0" timestamp="2025-08-18T15:22:54 IST" skipped="0">
  <testcase classname="TestNG_basic.Test1" name="loginTest" time="0.014"/>
  <testcase classname="TestNG_basic.Test1" name="loginTest" time="0.003"/>
</testsuite> <!-- TestNG_basic.Test1 -->
