<?xml version="1.0" encoding="UTF-8"?>
<!-- Generated by org.testng.reporters.JUnitReportReporter -->
<testsuite hostname="DESKTOP-RNSA0UR" failures="0" tests="1" name="TestNG_basic.TestCases" time="0.017" errors="0" timestamp="2025-08-18T14:52:11 IST" skipped="0">
  <testcase classname="TestNG_basic.TestCases" name="loginWithParameters" time="0.017"/>
</testsuite> <!-- TestNG_basic.TestCases -->
