<?xml version="1.0" encoding="UTF-8"?>
<!-- Generated by org.testng.reporters.JUnitReportReporter -->
<testsuite hostname="DESKTOP-RNSA0UR" failures="0" tests="4" name="TestNG_basic.paraller_testing" time="42.655" errors="0" timestamp="2025-08-14T15:45:06 IST" skipped="0">
  <testcase classname="TestNG_basic.paraller_testing" name="flipkart" time="12.692"/>
  <testcase classname="TestNG_basic.paraller_testing" name="zerobank" time="9.816"/>
  <testcase classname="TestNG_basic.paraller_testing" name="amazon" time="14.916"/>
  <testcase classname="TestNG_basic.paraller_testing" name="eBay" time="5.231"/>
</testsuite> <!-- TestNG_basic.paraller_testing -->
