<?xml version="1.0" encoding="UTF-8"?>
<!-- Generated by org.testng.reporters.JUnitReportReporter -->
<testsuite hostname="DESKTOP-RNSA0UR" failures="0" tests="2" name="TestNG_basic.Task2" time="2.917" errors="0" timestamp="2025-08-19T22:22:20 IST" skipped="1">
  <testcase classname="TestNG_basic.Task2" name="shopcategory" time="2.917"/>
  <testcase classname="TestNG_basic.Task2" name="search">
    <skipped/>
  </testcase> <!-- search -->
</testsuite> <!-- TestNG_basic.Task2 -->
