<?xml version="1.0" encoding="UTF-8"?>
<!-- Generated by org.testng.reporters.JUnitReportReporter -->
<testsuite hostname="DESKTOP-RNSA0UR" failures="0" tests="1" name="TestNG_basic.Test_n" time="4.277" errors="0" timestamp="2025-08-13T19:21:22 IST" skipped="0">
  <testcase classname="TestNG_basic.Test_n" name="login" time="4.277"/>
</testsuite> <!-- TestNG_basic.Test_n -->
